<?xml version="1.0" encoding="UTF-8"?>
<testng-results skipped="0" failed="0" ignored="0" total="1" passed="1">
  <reporter-output>
  </reporter-output>
  <suite name="Default suite" duration-ms="1650" started-at="2021-12-03T17:29:38Z" finished-at="2021-12-03T17:29:40Z">
    <groups>
    </groups>
    <test name="Default test" duration-ms="1650" started-at="2021-12-03T17:29:38Z" finished-at="2021-12-03T17:29:40Z">
      <class name="restAPI.GetRequest">
        <test-method status="PASS" signature="GetCall()[pri:0, instance:restAPI.GetRequest@22eeefeb]" name="GetCall" duration-ms="1628" started-at="2021-12-03T17:29:38Z" finished-at="2021-12-03T17:29:40Z">
          <reporter-output>
          </reporter-output>
        </test-method> <!-- GetCall -->
      </class> <!-- restAPI.GetRequest -->
    </test> <!-- Default test -->
  </suite> <!-- Default suite -->
</testng-results>
